Build started 5/10/2016 7:25:19 PM.
     1>Project "Z:\Fabulous F1nal\Fabulous F1nal\Fabulous F1nal.vcxproj" on node 2 (Build target(s)).
     1>ClCompile:
         C:\Program Files (x86)\Microsoft Visual Studio 14.0\VC\bin\CL.exe /c /ZI /nologo /W3 /WX- /Od /Oy- /D WIN32 /D _DEBUG /D _CONSOLE /D _UNICODE /D UNICODE /Gm /EHsc /RTC1 /MDd /GS /fp:precise /Zc:wchar_t /Zc:forScope /Zc:inline /Fo"Debug\\" /Fd"Debug\vc140.pdb" /Gd /TP /analyze- /errorReport:prompt Source.cpp
         Source.cpp
     1>z:\fabulous f1nal\fabulous f1nal\source.cpp(6): error C2015: too many characters in constant
     1>z:\fabulous f1nal\fabulous f1nal\source.cpp(6): error C2006: '#include': expected a filename, found 'constant'
     1>z:\fabulous f1nal\fabulous f1nal\source.cpp(6): fatal error C1083: Cannot open include file: '': No such file or directory
     1>Done Building Project "Z:\Fabulous F1nal\Fabulous F1nal\Fabulous F1nal.vcxproj" (Build target(s)) -- FAILED.

Build FAILED.

Time Elapsed 00:00:01.48
